---------------------------------------------------------------------------------------------------------------------------
      name:  <unnamed>
       log:  D:\UMaine\Spring (2018)\ECO 485\Stata\Empirical_Project_1.log
  log type:  text
 opened on:  22 Mar 2018, 14:28:59

. 
. use candy_data.dta //choose my data

. 
. summarize // basic data summary

    Variable |        Obs        Mean    Std. Dev.       Min        Max
-------------+---------------------------------------------------------
          id |        198        99.5    57.30183          1        198
        blue |         92    2.521739    1.544065          0          6
       green |        198    3.005051    1.565807          0          7
       brown |         92    1.826087    1.434341          0          7
      orange |        198    2.853535    1.622733          0          8
-------------+---------------------------------------------------------
         red |        198    3.015152    1.726113          0          8
      purple |        105    2.895238    1.549962          0          6
      yellow |        198    2.494949    1.556866          0          8
       total |        198    14.81818    1.438158          8         19
       candy |        198    1.535354    .5000128          1          2
-------------+---------------------------------------------------------
      flavor |          0

. 
. sort candy //sort data by Skittles and M&M's

. 
. //compare colors between Skittles and M&M's
. by candy: summarize blue green brown orange red purple yellow total

---------------------------------------------------------------------------------------------------------------------------
-> candy = M&M's

    Variable |        Obs        Mean    Std. Dev.       Min        Max
-------------+---------------------------------------------------------
        blue |         92    2.521739    1.544065          0          6
       green |         92    2.891304    1.633822          0          7
       brown |         92    1.826087    1.434341          0          7
      orange |         92    3.021739    1.690167          0          7
         red |         92    2.728261    1.664782          0          7
-------------+---------------------------------------------------------
      purple |          0
      yellow |         92    2.065217    1.532106          0          7
       total |         92    15.05435    .9985058         13         17

---------------------------------------------------------------------------------------------------------------------------
-> candy = Skittles

    Variable |        Obs        Mean    Std. Dev.       Min        Max
-------------+---------------------------------------------------------
        blue |          0
       green |        106    3.103774    1.505098          1          7
       brown |          0
      orange |        106    2.707547    1.555127          0          8
         red |        106    3.264151    1.747389          0          8
-------------+---------------------------------------------------------
      purple |        105    2.895238    1.549962          0          6
      yellow |        106    2.867925     1.48693          0          8
       total |        106    14.61321    1.710309          8         19


. 
. //creating variables for testing
. generate greenprop1 = green/total

. generate orangeprop = orange/total

. generate redprop = red/total

. generate yellowprop = yellow/total

. 
. //ttests comparing color distributons between Skittles and M&M's
. ttest greenprop, by(candy)

Two-sample t test with equal variances
------------------------------------------------------------------------------
   Group |     Obs        Mean    Std. Err.   Std. Dev.   [95% Conf. Interval]
---------+--------------------------------------------------------------------
   M&M's |      92    .1923044    .0114939    .1102454    .1694733    .2151356
Skittles |     106    .2160217    .0111061    .1143444    .1940004    .2380431
---------+--------------------------------------------------------------------
combined |     198    .2050016    .0080163    .1127992    .1891928    .2208103
---------+--------------------------------------------------------------------
    diff |           -.0237173    .0160245               -.0553197    .0078852
------------------------------------------------------------------------------
    diff = mean(M&M's) - mean(Skittles)                           t =  -1.4801
Ho: diff = 0                                     degrees of freedom =      196

    Ha: diff < 0                 Ha: diff != 0                 Ha: diff > 0
 Pr(T < t) = 0.0702         Pr(|T| > |t|) = 0.1405          Pr(T > t) = 0.9298

. ttest orangeprop, by(candy)

Two-sample t test with equal variances
------------------------------------------------------------------------------
   Group |     Obs        Mean    Std. Err.   Std. Dev.   [95% Conf. Interval]
---------+--------------------------------------------------------------------
   M&M's |      92    .2006325    .0116419    .1116653    .1775072    .2237577
Skittles |     106    .1845953    .0105643    .1087658    .1636483    .2055423
---------+--------------------------------------------------------------------
combined |     198    .1920469    .0078269     .110134    .1766117    .2074821
---------+--------------------------------------------------------------------
    diff |            .0160372    .0156913               -.0149082    .0469826
------------------------------------------------------------------------------
    diff = mean(M&M's) - mean(Skittles)                           t =   1.0220
Ho: diff = 0                                     degrees of freedom =      196

    Ha: diff < 0                 Ha: diff != 0                 Ha: diff > 0
 Pr(T < t) = 0.8460         Pr(|T| > |t|) = 0.3080          Pr(T > t) = 0.1540

. ttest redprop, by(candy)

Two-sample t test with equal variances
------------------------------------------------------------------------------
   Group |     Obs        Mean    Std. Err.   Std. Dev.   [95% Conf. Interval]
---------+--------------------------------------------------------------------
   M&M's |      92    .1806438    .0112816    .1082094    .1582342    .2030533
Skittles |     106    .2247367    .0116937    .1203937    .2015503    .2479231
---------+--------------------------------------------------------------------
combined |     198    .2042491     .008294    .1167069    .1878927    .2206055
---------+--------------------------------------------------------------------
    diff |           -.0440929    .0163718               -.0763804   -.0118054
------------------------------------------------------------------------------
    diff = mean(M&M's) - mean(Skittles)                           t =  -2.6932
Ho: diff = 0                                     degrees of freedom =      196

    Ha: diff < 0                 Ha: diff != 0                 Ha: diff > 0
 Pr(T < t) = 0.0038         Pr(|T| > |t|) = 0.0077          Pr(T > t) = 0.9962

. ttest yellowprop, by(candy)

Two-sample t test with equal variances
------------------------------------------------------------------------------
   Group |     Obs        Mean    Std. Err.   Std. Dev.   [95% Conf. Interval]
---------+--------------------------------------------------------------------
   M&M's |      92    .1371195     .010687    .1025057    .1158912    .1583478
Skittles |     106    .1991361    .0106112    .1092491    .1780961    .2201762
---------+--------------------------------------------------------------------
combined |     198    .1703203    .0078421    .1103482    .1548551    .1857856
---------+--------------------------------------------------------------------
    diff |           -.0620166    .0151284                -.091852   -.0321812
------------------------------------------------------------------------------
    diff = mean(M&M's) - mean(Skittles)                           t =  -4.0993
Ho: diff = 0                                     degrees of freedom =      196

    Ha: diff < 0                 Ha: diff != 0                 Ha: diff > 0
 Pr(T < t) = 0.0000         Pr(|T| > |t|) = 0.0001          Pr(T > t) = 1.0000

. ttest total, by(candy)

Two-sample t test with equal variances
------------------------------------------------------------------------------
   Group |     Obs        Mean    Std. Err.   Std. Dev.   [95% Conf. Interval]
---------+--------------------------------------------------------------------
   M&M's |      92    15.05435    .1041014    .9985058    14.84756    15.26113
Skittles |     106    14.61321    .1661199    1.710309    14.28382    14.94259
---------+--------------------------------------------------------------------
combined |     198    14.81818    .1022054    1.438158    14.61662    15.01974
---------+--------------------------------------------------------------------
    diff |            .4411403     .203015                 .040766    .8415146
------------------------------------------------------------------------------
    diff = mean(M&M's) - mean(Skittles)                           t =   2.1729
Ho: diff = 0                                     degrees of freedom =      196

    Ha: diff < 0                 Ha: diff != 0                 Ha: diff > 0
 Pr(T < t) = 0.9845         Pr(|T| > |t|) = 0.0310          Pr(T > t) = 0.0155

. 
. log close //close the log
      name:  <unnamed>
       log:  D:\UMaine\Spring (2018)\ECO 485\Stata\Empirical_Project_1.log
  log type:  text
 closed on:  22 Mar 2018, 14:29:00
---------------------------------------------------------------------------------------------------------------------------
